UNKNOWN
UNKNOWN
UNKNOWN
UNKNOWN
UNKNOWN
UNKNOWN
-257
UNKNOWN
UNKNOWN
1705
UNKNOWN
UNKNOWN
UNKNOWN
-39
UNKNOWN
UNKNOWN
UNKNOWN
UNKNOWN
UNKNOWN
UNKNOWN
UNKNOWN
UNKNOWN
-524
UNKNOWN
UNKNOWN
UNKNOWN
UNKNOWN
UNKNOWN
UNKNOWN
UNKNOWN
UNKNOWN
UNKNOWN
UNKNOWN
UNKNOWN
UNKNOWN
UNKNOWN
428
-32
UNKNOWN
UNKNOWN
32
403
UNKNOWN
UNKNOWN
UNKNOWN
UNKNOWN
-47
UNKNOWN
UNKNOWN
-1096
647
411
UNKNOWN
-1218
UNKNOWN
UNKNOWN
UNKNOWN
UNKNOWN
361
450
UNKNOWN
UNKNOWN
529
UNKNOWN
-1016
UNKNOWN
836
UNKNOWN
UNKNOWN
UNKNOWN
-833
239
-16
UNKNOWN
-220
UNKNOWN
965
UNKNOWN
-279
-132
UNKNOWN
UNKNOWN
UNKNOWN
UNKNOWN
-769
UNKNOWN
UNKNOWN
UNKNOWN
754
-361
-423
UNKNOWN
857
UNKNOWN
498
UNKNOWN
-235
UNKNOWN
418
-674
-203
-433
1088
-997
-383
666
UNKNOWN
UNKNOWN
-1409
-816
UNKNOWN
UNKNOWN
UNKNOWN
12
UNKNOWN
379
454
UNKNOWN
134
UNKNOWN
809
UNKNOWN
UNKNOWN
UNKNOWN
596
UNKNOWN
958
-512
157
-967
UNKNOWN
1009
-1412
528
UNKNOWN
UNKNOWN
UNKNOWN
470
1580
201
-848
UNKNOWN
309
UNKNOWN
495
193
UNKNOWN
-469
UNKNOWN
-488
UNKNOWN
250
-285
UNKNOWN
-157
-1179
UNKNOWN
-713
UNKNOWN
UNKNOWN
-1578
163
-450
1140
-1699
-358
213
-480
435
UNKNOWN
514
-639
-1548
-205
-353
UNKNOWN
-158
UNKNOWN
158
1237
303
UNKNOWN
-409
UNKNOWN
843
1173
-30
-424
198
-182
UNKNOWN
UNKNOWN
0
UNKNOWN
-197
-1151
-76
-475
UNKNOWN
112
0
195
1111
82
1034
-40
236
-931
UNKNOWN
599
-459
-220
440
-998
-464
808
817
1001
-1260
UNKNOWN
-693
349
-1006
-798
134
116
438
626
-1174
-1218
-964
1025
-923
543
1463
-428
326
-1628
-1009
-492
-236
-487
313
-695
-193
-606
-379
-402
-1449
406
-1066
-1198
-1378
-47
-62
-1078
427
UNKNOWN
1615
-40
602
-1010
874
858
639
684
-687
1517
-573
-178
733
273
-1170
-819
116
-761
-464
-475
147
11
558
UNKNOWN
UNKNOWN
-1309
UNKNOWN
104
359
818
226
-1587
1146
454
-260
1196
UNKNOWN
-523
-1554
48
24
-297
170
1434
-319
1727
-224
UNKNOWN
1219
1622
116
829
-454
700
1526
589
1351
-1061
-680
-1364
-117
663
1039
-584
425
96
-648
-618
-188
1143
-343
511
-721
1187
125
-804
-522
-743
1066
-998
-694
-962
614
433
1100
UNKNOWN
348
-526
419
697
347
257
571
145
897
684
1206
-121
268
768
-390
934
-734
1240
-820
-6
-349
78
-695
-1139
1101
-1335
257
495
-652
UNKNOWN
-839
463
1072
-45
1109
1180
885
305
UNKNOWN
100
-156
UNKNOWN
-558
-1477
1536
947
-45
494
-107
-582
32
-9
-993
600
-624
991
-1173
-322
958
764
-336
131
-420
549
1697
514
-193
-1368
-808
-234
-490
201
-831
84
-1132
1111
0
-620
770
-952
-44
72
153
-513
-313
606
-70
-354
418
-1404
74
-1773
-825
-89
258
282
391
-1276
-1505
271
-929
-714
-1521
1058
-616
71
280
-1636
-378
-169
UNKNOWN
-36
28
921
-27
-1370
168
-632
UNKNOWN
UNKNOWN
UNKNOWN
UNKNOWN
UNKNOWN
UNKNOWN
UNKNOWN
UNKNOWN
UNKNOWN
UNKNOWN
UNKNOWN
UNKNOWN
UNKNOWN
UNKNOWN
UNKNOWN
UNKNOWN
UNKNOWN
UNKNOWN
UNKNOWN
UNKNOWN
UNKNOWN
UNKNOWN
UNKNOWN
UNKNOWN
UNKNOWN
UNKNOWN
UNKNOWN
UNKNOWN
UNKNOWN
UNKNOWN
-101
UNKNOWN
UNKNOWN
UNKNOWN
65
UNKNOWN
UNKNOWN
UNKNOWN
UNKNOWN
UNKNOWN
-1398
1238
UNKNOWN
UNKNOWN
UNKNOWN
-108
UNKNOWN
UNKNOWN
-766
-1190
827
UNKNOWN
UNKNOWN
UNKNOWN
182
-977
UNKNOWN
UNKNOWN
UNKNOWN
-1097
729
-759
1037
UNKNOWN
UNKNOWN
-1841
1273
UNKNOWN
-1050
-616
UNKNOWN
890
UNKNOWN
UNKNOWN
759
-1108
-156
-1421
112
-734
UNKNOWN
-347
143
-371
534
-817
UNKNOWN
330
-3
UNKNOWN
UNKNOWN
694
UNKNOWN
UNKNOWN
21
425
UNKNOWN
37
UNKNOWN
-488
UNKNOWN
9
UNKNOWN
UNKNOWN
UNKNOWN
452
UNKNOWN
UNKNOWN
UNKNOWN
-404
1252
587
-44
438
UNKNOWN
UNKNOWN
199
UNKNOWN
-736
633
UNKNOWN
UNKNOWN
-164
557
-9
-436
-417
507
-287
1221
UNKNOWN
187
-349
-292
UNKNOWN
-85
309
413
-684
UNKNOWN
852
1524
UNKNOWN
1914
956
70
358
-269
755
348
1159
839
367
-893
-248
606
-405
114
-325
-1444
-819
-1293
-877
395
882
24
789
127
-632
-163
380
-484
182
1313
498
-1096
513
-980
513
611
-323
-124
-157
413
111
110
-1226
120
-427
-9
-159
-342
-523
617
UNKNOWN
-1
-129
-8
408
100
37
1344
-943
252
-869
-722
-201
1015
-1328
549
453
-494
-1204
1861
530
127
-1150
757
-916
UNKNOWN
113
566
-1611
1270
416
13
141
1369
-483
921
-685
-211
671
1093
922
-789
-335
-661
UNKNOWN
984
1686
-866
364
1547
-1107
349
-434
UNKNOWN
-771
-1126
43
-1111
448
UNKNOWN
1210
-459
638
132
-385
-456
-1019
569
-900
-390
-113
-618
1142
-107
-478
60
130
-879
170
47
169
44
1649
465
-609
-561
-253
534
706
-306
-132
268
UNKNOWN
272
UNKNOWN
-1643
1206
-565
-454
-184
-525
351
1369
-1906
1275
UNKNOWN
-166
-363
83
440
-1046
-611
-560
84
-898
38
-62
673
-950
916
587
-748
-1276
-255
0
-934
-1260
224
1162
-382
-351
924
-112
67
664
-167
139
-1358
-306
989
68
816
-543
-415
-103
1005
341
-316
143
-1290
290
-262
-1000
37
1265
158
-277
55
-145
-421
853
164
1390
-1081
740
102
-257
-56
UNKNOWN
-140
0
642
-374
99
1138
-1455
972
-535
-1065
-724
-1262
-56
1407
-478
437
219
910
-509
UNKNOWN
-96
-768
-571
-1423
-1906
-68
1092
713
735
-528
763
-284
60
1111
956
-314
-96
-873
429
-851
-12
467
-602
-1969
-148
495
-332
504
557
-441
UNKNOWN
UNKNOWN
UNKNOWN
UNKNOWN
UNKNOWN
UNKNOWN
UNKNOWN
UNKNOWN
UNKNOWN
UNKNOWN
UNKNOWN
UNKNOWN
UNKNOWN
UNKNOWN
UNKNOWN
UNKNOWN
UNKNOWN
UNKNOWN
UNKNOWN
UNKNOWN
UNKNOWN
UNKNOWN
UNKNOWN
UNKNOWN
UNKNOWN
UNKNOWN
378
UNKNOWN
UNKNOWN
UNKNOWN
UNKNOWN
UNKNOWN
646
UNKNOWN
UNKNOWN
UNKNOWN
UNKNOWN
UNKNOWN
UNKNOWN
UNKNOWN
UNKNOWN
UNKNOWN
-321
UNKNOWN
UNKNOWN
UNKNOWN
UNKNOWN
UNKNOWN
UNKNOWN
UNKNOWN
UNKNOWN
UNKNOWN
-283
288
UNKNOWN
-636
-1534
-803
1508
UNKNOWN
UNKNOWN
UNKNOWN
-916
UNKNOWN
UNKNOWN
-149
UNKNOWN
506
-1236
1427
-868
-786
330
UNKNOWN
UNKNOWN
7
UNKNOWN
-157
UNKNOWN
462
UNKNOWN
1181
UNKNOWN
1652
UNKNOWN
-50
UNKNOWN
UNKNOWN
55
-1262
UNKNOWN
UNKNOWN
UNKNOWN
-1206
347
UNKNOWN
129
424
63
-709
UNKNOWN
549
667
-105
292
-458
598
1302
UNKNOWN
UNKNOWN
UNKNOWN
-197
UNKNOWN
1553
UNKNOWN
-502
1052
1890
UNKNOWN
UNKNOWN
-592
-14
-1311
UNKNOWN
223
UNKNOWN
495
-255
-339
0
407
UNKNOWN
-193
-1141
UNKNOWN
UNKNOWN
-17
109
706
451
UNKNOWN
1134
UNKNOWN
687
-905
UNKNOWN
160
-1110
1532
-1385
1745
110
-19
617
39
508
101
172
-322
366
598
442
664
972
-308
367
1042
-1190
UNKNOWN
504
142
-6
510
-816
UNKNOWN
UNKNOWN
-609
-499
106
UNKNOWN
-142
-317
UNKNOWN
494
16
1497
159
UNKNOWN
9
827
-82
UNKNOWN
-221
831
-711
-711
23
-1061
1388
-183
-101
-1320
272
-718
-418
-324
-1080
-1174
-790
1052
989
UNKNOWN
1357
1188
603
-610
876
-784
249
346
-904
UNKNOWN
146
1539
155
792
759
UNKNOWN
290
396
-1711
-244
-432
1232
-11
-1189
-687
-672
1207
-265
-816
10
417
-921
-1467
616
-908
1885
447
-315
559
679
803
UNKNOWN
-68
1436
851
-451
252
UNKNOWN
-443
-493
807
-1099
-654
-494
295
-589
1781
636
871
-270
-534
561
1056
-110
-175
-712
1685
-1086
-559
-680
451
558
-1669
777
-403
546
-844
1
687
-390
286
111
0
UNKNOWN
1370
-697
-892
929
793
-1257
-28
-1846
-1119
923
157
632
-215
1440
-687
-1573
145
-490
-30
762
-1062
-288
997
305
UNKNOWN
-114
975
-726
-991
610
129
-892
1531
-1694
-170
-89
422
-305
-148
986
237
1079
-1632
-914
-564
220
-378
-363
-279
-1229
358
UNKNOWN
UNKNOWN
UNKNOWN
331
UNKNOWN
-1046
-964
221
UNKNOWN
519
UNKNOWN
-1206
-728
-982
909
78
454
242
588
-33
UNKNOWN
-1030
216
UNKNOWN
-1596
-322
-879
787
-439
5
-1550
549
-1005
UNKNOWN
744
-387
1714
-1180
-348
1216
140
-189
99
-407
601
300
951
-385
-521
196
149
257
-869
-852
-828
421
186
-58
1195
838
2
839
624
UNKNOWN
184
11
491
-154
1240
925
1510
-1240
366
UNKNOWN
56
800
230
1105
-102
9
-1369
-1204
-1050
111
-1106
-243
261
119
-1482
481
-651
-780
-953
92
233
-37
1169
-1017
-621
1562
-116
1088
373
-494
-764
-147
637
-487
27
-285
448
-841
330
220
1215
UNKNOWN
UNKNOWN
UNKNOWN
UNKNOWN
UNKNOWN
UNKNOWN
UNKNOWN
UNKNOWN
UNKNOWN
UNKNOWN
UNKNOWN
UNKNOWN
UNKNOWN
UNKNOWN
UNKNOWN
UNKNOWN
UNKNOWN
UNKNOWN
UNKNOWN
UNKNOWN
UNKNOWN
UNKNOWN
UNKNOWN
UNKNOWN
UNKNOWN
UNKNOWN
UNKNOWN
UNKNOWN
UNKNOWN
UNKNOWN
UNKNOWN
UNKNOWN
UNKNOWN
UNKNOWN
UNKNOWN
UNKNOWN
909
216
UNKNOWN
UNKNOWN
UNKNOWN
UNKNOWN
UNKNOWN
UNKNOWN
UNKNOWN
UNKNOWN
918
1125
UNKNOWN
UNKNOWN
UNKNOWN
-807
UNKNOWN
UNKNOWN
UNKNOWN
-307
UNKNOWN
UNKNOWN
UNKNOWN
1474
UNKNOWN
-180
UNKNOWN
665
UNKNOWN
-1447
-780
UNKNOWN
137
-1173
UNKNOWN
UNKNOWN
UNKNOWN
UNKNOWN
UNKNOWN
UNKNOWN
UNKNOWN
UNKNOWN
19
UNKNOWN
UNKNOWN
-511
1273
24
-932
-249
UNKNOWN
519
527
1014
845
UNKNOWN
UNKNOWN
138
-1382
-353
-665
-1423
279
1062
366
1065
UNKNOWN
UNKNOWN
UNKNOWN
-1600
UNKNOWN
-167
652
UNKNOWN
524
-1444
479
640
988
-683
-591
314
-387
-1254
211
805
-1432
-895
-996
-1682
276
-950
-677
-1029
607
852
-937
1779
653
-721
-715
594
-283
-1474
-719
-419
-94
1451
-437
-1195
1240
-1722
91
37
UNKNOWN
UNKNOWN
-1691
-757
UNKNOWN
-790
-722
-710
-310
272
-1360
UNKNOWN
-1587
-58
-1308
-1354
UNKNOWN
-450
-324
1637
-1317
UNKNOWN
-403
-258
-166
776
-1699
UNKNOWN
33
469
-423
-747
UNKNOWN
-378
UNKNOWN
UNKNOWN
-581
UNKNOWN
-914
1387
-214
908
177
1157
-23
-1154
-463
642
-207
113
-1406
-177
UNKNOWN
-752
497
-472
757
-471
678
-61
UNKNOWN
44
UNKNOWN
-18
508
UNKNOWN
-157
UNKNOWN
-1193
201
832
-210
925
526
-366
219
-34
254
2
976
487
-141
-266
909
989
UNKNOWN
-1348
-491
-517
860
213
-390
-898
-1303
-342
-294
-269
UNKNOWN
-1334
144
UNKNOWN
-276
-1208
273
230
-183
-188
-66
870
-909
-1835
413
1105
1254
8
-1493
1645
UNKNOWN
209
-194
UNKNOWN
-790
814
331
-613
-828
UNKNOWN
-688
308
1789
1641
-1030
0
100
1112
166
1137
-1290
-458
7
-627
509
29
751
-38
-1794
-318
367
UNKNOWN
978
1097
-428
-441
112
-368
-1598
717
-827
263
-1273
-380
15
-1071
792
665
UNKNOWN
-51
623
-1072
-758
-713
523
1132
573
1157
1374
494
357
775
714
336
481
-305
-935
1000
-1283
1244
611
-111
1321
-345
-1261
91
928
-968
303
398
-135
-331
897
51
630
583
864
855
-750
310
328
501
22
217
885
-306
174
517
-948
618
88
716
1506
-108
-1259
-8
-37
-230
-1229
57
269
642
288
-475
-763
-653
-1359
57
655
-1297
-347
-1755
1092
-1002
-427
-264
154
1385
320
-401
860
-60
-262
275
1415
-407
-875
1119
388
-1404
209
-111
-1126
82
338
607
-1557
-909
-1694
192
-542
262
-289
-40
670
338
-506
41
357
